<?xml version="1.0" encoding="UTF-8"?>
<testsuite name="com.polacpat.petproject.PetProjectApplicationTests" tests="1" skipped="0" failures="0" errors="0" timestamp="2019-06-14T15:15:29" hostname="WL314438" time="0.359">
  <properties/>
  <testcase name="contextLoads" classname="com.polacpat.petproject.PetProjectApplicationTests" time="0.359"/>
  <system-out><![CDATA[17:15:22.467 [Test worker] DEBUG org.springframework.test.context.junit4.SpringJUnit4ClassRunner - SpringJUnit4ClassRunner constructor called with [class com.polacpat.petproject.PetProjectApplicationTests]
17:15:22.485 [Test worker] DEBUG org.springframework.test.context.BootstrapUtils - Instantiating CacheAwareContextLoaderDelegate from class [org.springframework.test.context.cache.DefaultCacheAwareContextLoaderDelegate]
17:15:22.508 [Test worker] DEBUG org.springframework.test.context.BootstrapUtils - Instantiating BootstrapContext using constructor [public org.springframework.test.context.support.DefaultBootstrapContext(java.lang.Class,org.springframework.test.context.CacheAwareContextLoaderDelegate)]
17:15:22.549 [Test worker] DEBUG org.springframework.test.context.BootstrapUtils - Instantiating TestContextBootstrapper for test class [com.polacpat.petproject.PetProjectApplicationTests] from class [org.springframework.boot.test.context.SpringBootTestContextBootstrapper]
17:15:22.570 [Test worker] INFO org.springframework.boot.test.context.SpringBootTestContextBootstrapper - Neither @ContextConfiguration nor @ContextHierarchy found for test class [com.polacpat.petproject.PetProjectApplicationTests], using SpringBootContextLoader
17:15:22.579 [Test worker] DEBUG org.springframework.test.context.support.AbstractContextLoader - Did not detect default resource location for test class [com.polacpat.petproject.PetProjectApplicationTests]: class path resource [com/polacpat/petproject/PetProjectApplicationTests-context.xml] does not exist
17:15:22.580 [Test worker] DEBUG org.springframework.test.context.support.AbstractContextLoader - Did not detect default resource location for test class [com.polacpat.petproject.PetProjectApplicationTests]: class path resource [com/polacpat/petproject/PetProjectApplicationTestsContext.groovy] does not exist
17:15:22.581 [Test worker] INFO org.springframework.test.context.support.AbstractContextLoader - Could not detect default resource locations for test class [com.polacpat.petproject.PetProjectApplicationTests]: no resource found for suffixes {-context.xml, Context.groovy}.
17:15:22.593 [Test worker] INFO org.springframework.test.context.support.AnnotationConfigContextLoaderUtils - Could not detect default configuration classes for test class [com.polacpat.petproject.PetProjectApplicationTests]: PetProjectApplicationTests does not declare any static, non-private, non-final, nested classes annotated with @Configuration.
17:15:22.815 [Test worker] DEBUG org.springframework.test.context.support.ActiveProfilesUtils - Could not find an 'annotation declaring class' for annotation type [org.springframework.test.context.ActiveProfiles] and class [com.polacpat.petproject.PetProjectApplicationTests]
17:15:23.006 [Test worker] DEBUG org.springframework.context.annotation.ClassPathScanningCandidateComponentProvider - Identified candidate component class: file [C:\Users\polacpat\IdeaProjects\SpringCourse\PetProject\pet-project-web\build\classes\java\main\com\polacpat\petproject\PetProjectApplication.class]
17:15:23.019 [Test worker] INFO org.springframework.boot.test.context.SpringBootTestContextBootstrapper - Found @SpringBootConfiguration com.polacpat.petproject.PetProjectApplication for test class com.polacpat.petproject.PetProjectApplicationTests
17:15:23.215 [Test worker] DEBUG org.springframework.boot.test.context.SpringBootTestContextBootstrapper - @TestExecutionListeners is not present for class [com.polacpat.petproject.PetProjectApplicationTests]: using defaults.
17:15:23.216 [Test worker] INFO org.springframework.boot.test.context.SpringBootTestContextBootstrapper - Loaded default TestExecutionListener class names from location [META-INF/spring.factories]: [org.springframework.boot.test.autoconfigure.restdocs.RestDocsTestExecutionListener, org.springframework.boot.test.autoconfigure.web.client.MockRestServiceServerResetTestExecutionListener, org.springframework.boot.test.autoconfigure.web.servlet.MockMvcPrintOnlyOnFailureTestExecutionListener, org.springframework.boot.test.autoconfigure.web.servlet.WebDriverTestExecutionListener, org.springframework.boot.test.mock.mockito.MockitoTestExecutionListener, org.springframework.boot.test.mock.mockito.ResetMocksTestExecutionListener, org.springframework.test.context.web.ServletTestExecutionListener, org.springframework.test.context.support.DirtiesContextBeforeModesTestExecutionListener, org.springframework.test.context.support.DependencyInjectionTestExecutionListener, org.springframework.test.context.support.DirtiesContextTestExecutionListener, org.springframework.test.context.transaction.TransactionalTestExecutionListener, org.springframework.test.context.jdbc.SqlScriptsTestExecutionListener]
17:15:23.250 [Test worker] DEBUG org.springframework.boot.test.context.SpringBootTestContextBootstrapper - Skipping candidate TestExecutionListener [org.springframework.test.context.transaction.TransactionalTestExecutionListener] due to a missing dependency. Specify custom listener classes or make the default listener classes and their required dependencies available. Offending class: [org/springframework/transaction/interceptor/TransactionAttributeSource]
17:15:23.252 [Test worker] DEBUG org.springframework.boot.test.context.SpringBootTestContextBootstrapper - Skipping candidate TestExecutionListener [org.springframework.test.context.jdbc.SqlScriptsTestExecutionListener] due to a missing dependency. Specify custom listener classes or make the default listener classes and their required dependencies available. Offending class: [org/springframework/transaction/interceptor/TransactionAttribute]
17:15:23.255 [Test worker] INFO org.springframework.boot.test.context.SpringBootTestContextBootstrapper - Using TestExecutionListeners: [org.springframework.test.context.web.ServletTestExecutionListener@e49ce42, org.springframework.test.context.support.DirtiesContextBeforeModesTestExecutionListener@827d3be, org.springframework.boot.test.mock.mockito.MockitoTestExecutionListener@72e40715, org.springframework.boot.test.autoconfigure.SpringBootDependencyInjectionTestExecutionListener@7956dc74, org.springframework.test.context.support.DirtiesContextTestExecutionListener@392d36c2, org.springframework.boot.test.autoconfigure.restdocs.RestDocsTestExecutionListener@f21a87a, org.springframework.boot.test.autoconfigure.web.client.MockRestServiceServerResetTestExecutionListener@5dafca24, org.springframework.boot.test.autoconfigure.web.servlet.MockMvcPrintOnlyOnFailureTestExecutionListener@12d51899, org.springframework.boot.test.autoconfigure.web.servlet.WebDriverTestExecutionListener@421ea727, org.springframework.boot.test.mock.mockito.ResetMocksTestExecutionListener@40feb566]
17:15:23.259 [Test worker] DEBUG org.springframework.test.annotation.ProfileValueUtils - Retrieved @ProfileValueSourceConfiguration [null] for test class [com.polacpat.petproject.PetProjectApplicationTests]
17:15:23.261 [Test worker] DEBUG org.springframework.test.annotation.ProfileValueUtils - Retrieved ProfileValueSource type [class org.springframework.test.annotation.SystemProfileValueSource] for class [com.polacpat.petproject.PetProjectApplicationTests]
17:15:23.264 [Test worker] DEBUG org.springframework.test.annotation.ProfileValueUtils - Retrieved @ProfileValueSourceConfiguration [null] for test class [com.polacpat.petproject.PetProjectApplicationTests]
17:15:23.264 [Test worker] DEBUG org.springframework.test.annotation.ProfileValueUtils - Retrieved ProfileValueSource type [class org.springframework.test.annotation.SystemProfileValueSource] for class [com.polacpat.petproject.PetProjectApplicationTests]
17:15:23.273 [Test worker] DEBUG org.springframework.test.context.support.AbstractDirtiesContextTestExecutionListener - Before test class: context [DefaultTestContext@52299aad testClass = PetProjectApplicationTests, testInstance = [null], testMethod = [null], testException = [null], mergedContextConfiguration = [WebMergedContextConfiguration@645d8e40 testClass = PetProjectApplicationTests, locations = '{}', classes = '{class com.polacpat.petproject.PetProjectApplication}', contextInitializerClasses = '[]', activeProfiles = '{}', propertySourceLocations = '{}', propertySourceProperties = '{org.springframework.boot.test.context.SpringBootTestContextBootstrapper=true}', contextCustomizers = set[org.springframework.boot.test.autoconfigure.properties.PropertyMappingContextCustomizer@0, org.springframework.boot.test.autoconfigure.web.servlet.WebDriverContextCustomizerFactory$Customizer@73057dbe, org.springframework.boot.test.context.filter.ExcludeFilterContextCustomizer@1654647f, org.springframework.boot.test.json.DuplicateJsonObjectContextCustomizerFactory$DuplicateJsonObjectContextCustomizer@7a0575d9, org.springframework.boot.test.mock.mockito.MockitoContextCustomizer@0, org.springframework.boot.test.web.client.TestRestTemplateContextCustomizer@5fe4d629], resourceBasePath = 'src/main/webapp', contextLoader = 'org.springframework.boot.test.context.SpringBootContextLoader', parent = [null]], attributes = map['org.springframework.test.context.web.ServletTestExecutionListener.activateListener' -> true]], class annotated with @DirtiesContext [false] with mode [null].
17:15:23.276 [Test worker] DEBUG org.springframework.test.annotation.ProfileValueUtils - Retrieved @ProfileValueSourceConfiguration [null] for test class [com.polacpat.petproject.PetProjectApplicationTests]
17:15:23.276 [Test worker] DEBUG org.springframework.test.annotation.ProfileValueUtils - Retrieved ProfileValueSource type [class org.springframework.test.annotation.SystemProfileValueSource] for class [com.polacpat.petproject.PetProjectApplicationTests]
17:15:23.316 [Test worker] DEBUG org.springframework.test.context.support.TestPropertySourceUtils - Adding inlined properties to environment: {spring.jmx.enabled=false, org.springframework.boot.test.context.SpringBootTestContextBootstrapper=true, server.port=-1}

  .   ____          _            __ _ _
 /\\ / ___'_ __ _ _(_)_ __  __ _ \ \ \ \
( ( )\___ | '_ | '_| | '_ \/ _` | \ \ \ \
 \\/  ___)| |_)| | | | | || (_| |  ) ) ) )
  '  |____| .__|_| |_|_| |_\__, | / / / /
 =========|_|==============|___/=/_/_/_/
 :: Spring Boot ::        (v2.1.5.RELEASE)

2019-06-14 17:15:23.817  INFO 9392 --- [    Test worker] c.p.p.PetProjectApplicationTests         : Starting PetProjectApplicationTests on WL314438 with PID 9392 (started by polacpat in C:\Users\polacpat\IdeaProjects\SpringCourse\PetProject\pet-project-web)
2019-06-14 17:15:23.820  INFO 9392 --- [    Test worker] c.p.p.PetProjectApplicationTests         : No active profile set, falling back to default profiles: default
2019-06-14 17:15:27.322  INFO 9392 --- [    Test worker] o.s.s.concurrent.ThreadPoolTaskExecutor  : Initializing ExecutorService 'applicationTaskExecutor'
2019-06-14 17:15:28.929  INFO 9392 --- [    Test worker] o.s.b.a.e.web.EndpointLinksResolver      : Exposing 2 endpoint(s) beneath base path '/actuator'
2019-06-14 17:15:29.054  INFO 9392 --- [    Test worker] c.p.p.PetProjectApplicationTests         : Started PetProjectApplicationTests in 5.721 seconds (JVM running for 8.01)
]]></system-out>
  <system-err><![CDATA[]]></system-err>
</testsuite>
